00:45:54.093 | Info | 'Server Running at 8080 on dev...' | 
00:48:04.061 | Info | 'Server Running at 8080 on dev...' | 
00:48:44.023 | Info | 'Server Running at 8080 on dev...' | 
00:49:34.271 | Info | 'Server Running at 8080 on dev...' | 
00:51:53.747 | Info | 'Server Running at 8080 on dev...' | 
00:54:06.241 | Info | 'Server Running at 8080 on dev...' | 
00:54:24.266 | Info | 'Server Running at 8080 on dev...' | 
00:55:12.295 | Info | 'Server Running at 8080 on dev...' | 
00:55:14.730 | Info | 'you make search data on dev server ...' | 
00:56:21.417 | Info | 'Server Running at 8080 on dev...' | 
00:59:56.415 | Info | 'Server Running at 8080 on dev...' | 
01:00:14.076 | Info | 'data featch on dev server ...' | 
01:00:33.287 | Info | 'Cannot update Tutorial with id=1.' | 
01:00:42.024 | Info | 'Cannot update Tutorial with id=9.' | 
01:01:51.205 | Info | 'Server Running at 8080 on development...' | 
01:02:33.193 | Info | 'Server Running at 8080 on development...' | 
01:02:34.921 | Info | 'Cannot update Tutorial with id=9.' | 
01:02:43.559 | Info | 'data featch on development server ...' | 
02:28:04.810 | Info | 'Server Running at 8080 on development...' | 
22:11:27.198 | Info | 'Server Running at 8080 on development...' | 
22:11:58.904 | Info | 'data featch on development server ...' | 
22:24:56.399 | Info | 'Server Running at 8080 on development...' | 
22:30:40.275 | Info | 'Server Running at 8080 on development...' | 
22:31:26.838 | Info | 'Server Running at 8080 on development...' | 
22:31:37.801 | Info | 'Server Running at 8080 on development...' | 
22:32:56.868 | Info | 'Server Running at 8080 on development...' | 
22:35:04.352 | Info | 'Server Running at 8080 on development...' | 
22:43:16.124 | Info | 'Server Running at 8080 on development...' | 
22:43:30.884 | Info | 'Server Running at 8080 on development...' | 
22:44:14.267 | Info | 'Server Running at 8080 on development...' | 
22:56:47.908 | Info | 'Server Running at 8080 on development...' | 
22:59:46.588 | Info | 'Server Running at 8080 on development...' | 
23:12:48.808 | Info | 'Server Running at 8080 on development...' | 
23:13:17.096 | Info | 'Server Running at 8080 on development...' | 
23:15:40.743 | Info | 'Server Running at 8080 on development...' | 
23:19:16.739 | Info | 'Server Running at 8080 on development...' | 
23:20:02.959 | Info | 'Server Running at 8080 on development...' | 
23:21:01.313 | Info | 'Server Running at 8080 on development...' | 
23:21:46.563 | Info | 'Server Running at 8080 on development...' | 
23:23:47.411 | Info | 'Server Running at 8080 on development...' | 
23:24:08.189 | Info | 'Server Running at 8080 on development...' | 
23:25:14.281 | Info | 'Server Running at 8080 on development...' | 
23:26:52.167 | Info | 'Server Running at 8080 on development...' | 
23:28:20.892 | Info | 'Server Running at 8080 on development...' | 
23:29:34.753 | Info | 'Server Running at 8080 on development...' | 
23:34:55.140 | Info | 'Server Running at 8080 on development...' | 
23:37:37.185 | Info | 'Server Running at 8080 on development...' | 
23:39:57.762 | Info | 'Server Running at 8080 on development...' | 
23:41:57.098 | Info | 'Server Running at 8080 on development...' | 
23:42:38.471 | Info | 'data featch on development server ...' | 
23:43:56.886 | Info | 'Server Running at 8080 on development...' | 
23:45:57.483 | Info | 'data featch on development server ...' | 
23:47:08.965 | Info | 'Server Running at 8080 on development...' | 
23:47:33.730 | Info | 'data featch on development server ...' | 
23:53:42.944 | Info | 'Server Running at 8080 on development...' | 
23:54:27.663 | Info | 'data featch on development server ...' | 
23:55:47.723 | Info | 'Server Running at 8080 on development...' | 
23:56:25.007 | Info | 'data featch on development server ...' | 
23:57:58.053 | Info | 'Server Running at 8080 on development...' | 
23:58:06.586 | Info | 'Server Running at 8080 on development...' | 
23:58:40.286 | Info | 'data featch on development server ...' | 
23:59:20.878 | Info | 'Server Running at 8080 on development...' | 
